[0.145s] DEBUG:colcon:Command line arguments: ['/usr/bin/colcon', 'build']
[0.145s] DEBUG:colcon:Parsed command line arguments: Namespace(log_base=None, log_level=None, verb_name='build', build_base='build', install_base='install', merge_install=False, symlink_install=False, test_result_base=None, continue_on_error=False, executor='parallel', parallel_workers=20, event_handlers=None, ignore_user_meta=False, metas=['./colcon.meta'], base_paths=['.'], packages_ignore=None, packages_ignore_regex=None, paths=None, packages_up_to=None, packages_up_to_regex=None, packages_above=None, packages_above_and_dependencies=None, packages_above_depth=None, packages_select_by_dep=None, packages_skip_by_dep=None, packages_skip_up_to=None, packages_select_build_failed=False, packages_skip_build_finished=False, packages_select_test_failures=False, packages_skip_test_passed=False, packages_select=None, packages_skip=None, packages_select_regex=None, packages_skip_regex=None, packages_start=None, packages_end=None, allow_overriding=[], cmake_args=None, cmake_target=None, cmake_target_skip_unavailable=False, cmake_clean_cache=False, cmake_clean_first=False, cmake_force_configure=False, ament_cmake_args=None, catkin_cmake_args=None, catkin_skip_building_tests=False, verb_parser=<colcon_defaults.argument_parser.defaults.DefaultArgumentsDecorator object at 0x7ff74a089c90>, verb_extension=<colcon_core.verb.build.BuildVerb object at 0x7ff74a0895d0>, main=<bound method BuildVerb.main of <colcon_core.verb.build.BuildVerb object at 0x7ff74a0895d0>>)
[0.202s] Level 1:colcon.colcon_core.package_discovery:discover_packages(colcon_meta) check parameters
[0.202s] Level 1:colcon.colcon_core.package_discovery:discover_packages(recursive) check parameters
[0.202s] Level 1:colcon.colcon_core.package_discovery:discover_packages(ignore) check parameters
[0.202s] Level 1:colcon.colcon_core.package_discovery:discover_packages(path) check parameters
[0.202s] Level 1:colcon.colcon_core.package_discovery:discover_packages(colcon_meta) discover
[0.203s] Level 1:colcon.colcon_core.package_discovery:discover_packages(recursive) discover
[0.203s] INFO:colcon.colcon_core.package_discovery:Crawling recursively for packages in '/home/elvis/projects/smart_home_take_home_assignment'
[0.203s] Level 1:colcon.colcon_core.package_identification:_identify(.) by extensions ['ignore', 'ignore_ament_install']
[0.203s] Level 1:colcon.colcon_core.package_identification:_identify(.) by extension 'ignore'
[0.203s] Level 1:colcon.colcon_core.package_identification:_identify(.) by extension 'ignore_ament_install'
[0.203s] Level 1:colcon.colcon_core.package_identification:_identify(.) by extensions ['colcon_pkg']
[0.203s] Level 1:colcon.colcon_core.package_identification:_identify(.) by extension 'colcon_pkg'
[0.203s] Level 1:colcon.colcon_core.package_identification:_identify(.) by extensions ['colcon_meta']
[0.203s] Level 1:colcon.colcon_core.package_identification:_identify(.) by extension 'colcon_meta'
[0.203s] Level 1:colcon.colcon_core.package_identification:_identify(.) by extensions ['ros']
[0.203s] Level 1:colcon.colcon_core.package_identification:_identify(.) by extension 'ros'
[0.208s] Level 1:colcon.colcon_core.package_identification:_identify(.) by extensions ['cmake', 'python']
[0.208s] Level 1:colcon.colcon_core.package_identification:_identify(.) by extension 'cmake'
[0.208s] Level 1:colcon.colcon_core.package_identification:_identify(.) by extension 'python'
[0.208s] Level 1:colcon.colcon_core.package_identification:_identify(.) by extensions ['python_setup_py']
[0.208s] Level 1:colcon.colcon_core.package_identification:_identify(.) by extension 'python_setup_py'
[0.208s] Level 1:colcon.colcon_core.package_identification:_identify(build) by extensions ['ignore', 'ignore_ament_install']
[0.208s] Level 1:colcon.colcon_core.package_identification:_identify(build) by extension 'ignore'
[0.209s] Level 1:colcon.colcon_core.package_identification:_identify(build) ignored
[0.209s] Level 1:colcon.colcon_core.package_identification:_identify(install) by extensions ['ignore', 'ignore_ament_install']
[0.209s] Level 1:colcon.colcon_core.package_identification:_identify(install) by extension 'ignore'
[0.209s] Level 1:colcon.colcon_core.package_identification:_identify(install) ignored
[0.209s] Level 1:colcon.colcon_core.package_identification:_identify(log) by extensions ['ignore', 'ignore_ament_install']
[0.209s] Level 1:colcon.colcon_core.package_identification:_identify(log) by extension 'ignore'
[0.209s] Level 1:colcon.colcon_core.package_identification:_identify(log) ignored
[0.209s] Level 1:colcon.colcon_core.package_identification:_identify(src) by extensions ['ignore', 'ignore_ament_install']
[0.209s] Level 1:colcon.colcon_core.package_identification:_identify(src) by extension 'ignore'
[0.209s] Level 1:colcon.colcon_core.package_identification:_identify(src) by extension 'ignore_ament_install'
[0.209s] Level 1:colcon.colcon_core.package_identification:_identify(src) by extensions ['colcon_pkg']
[0.209s] Level 1:colcon.colcon_core.package_identification:_identify(src) by extension 'colcon_pkg'
[0.209s] Level 1:colcon.colcon_core.package_identification:_identify(src) by extensions ['colcon_meta']
[0.209s] Level 1:colcon.colcon_core.package_identification:_identify(src) by extension 'colcon_meta'
[0.209s] Level 1:colcon.colcon_core.package_identification:_identify(src) by extensions ['ros']
[0.209s] Level 1:colcon.colcon_core.package_identification:_identify(src) by extension 'ros'
[0.209s] Level 1:colcon.colcon_core.package_identification:_identify(src) by extensions ['cmake', 'python']
[0.209s] Level 1:colcon.colcon_core.package_identification:_identify(src) by extension 'cmake'
[0.209s] Level 1:colcon.colcon_core.package_identification:_identify(src) by extension 'python'
[0.209s] Level 1:colcon.colcon_core.package_identification:_identify(src) by extensions ['python_setup_py']
[0.209s] Level 1:colcon.colcon_core.package_identification:_identify(src) by extension 'python_setup_py'
[0.209s] Level 1:colcon.colcon_core.package_identification:_identify(src/dorm_lighting) by extensions ['ignore', 'ignore_ament_install']
[0.209s] Level 1:colcon.colcon_core.package_identification:_identify(src/dorm_lighting) by extension 'ignore'
[0.209s] Level 1:colcon.colcon_core.package_identification:_identify(src/dorm_lighting) by extension 'ignore_ament_install'
[0.209s] Level 1:colcon.colcon_core.package_identification:_identify(src/dorm_lighting) by extensions ['colcon_pkg']
[0.209s] Level 1:colcon.colcon_core.package_identification:_identify(src/dorm_lighting) by extension 'colcon_pkg'
[0.209s] Level 1:colcon.colcon_core.package_identification:_identify(src/dorm_lighting) by extensions ['colcon_meta']
[0.209s] Level 1:colcon.colcon_core.package_identification:_identify(src/dorm_lighting) by extension 'colcon_meta'
[0.209s] Level 1:colcon.colcon_core.package_identification:_identify(src/dorm_lighting) by extensions ['ros']
[0.209s] Level 1:colcon.colcon_core.package_identification:_identify(src/dorm_lighting) by extension 'ros'
[0.211s] DEBUG:colcon.colcon_core.package_identification:Package 'src/dorm_lighting' with type 'ros.ament_python' and name 'dorm_lighting'
[0.211s] Level 1:colcon.colcon_core.package_discovery:discover_packages(recursive) using defaults
[0.211s] Level 1:colcon.colcon_core.package_discovery:discover_packages(ignore) discover
[0.211s] Level 1:colcon.colcon_core.package_discovery:discover_packages(ignore) using defaults
[0.211s] Level 1:colcon.colcon_core.package_discovery:discover_packages(path) discover
[0.211s] Level 1:colcon.colcon_core.package_discovery:discover_packages(path) using defaults
[0.220s] Level 1:colcon.colcon_core.package_discovery:discover_packages(prefix_path) check parameters
[0.220s] Level 1:colcon.colcon_core.package_discovery:discover_packages(prefix_path) discover
[0.221s] DEBUG:colcon.colcon_installed_package_information.package_discovery:Found 1 installed packages in /home/elvis/projects/smart_home_take_home_assignment/install
[0.222s] DEBUG:colcon.colcon_installed_package_information.package_discovery:Found 184 installed packages in /opt/ros/humble
[0.222s] Level 1:colcon.colcon_core.package_discovery:discover_packages(prefix_path) using defaults
[0.235s] Level 5:colcon.colcon_core.verb:set package 'dorm_lighting' build argument 'cmake_args' from command line to 'None'
[0.235s] Level 5:colcon.colcon_core.verb:set package 'dorm_lighting' build argument 'cmake_target' from command line to 'None'
[0.235s] Level 5:colcon.colcon_core.verb:set package 'dorm_lighting' build argument 'cmake_target_skip_unavailable' from command line to 'False'
[0.235s] Level 5:colcon.colcon_core.verb:set package 'dorm_lighting' build argument 'cmake_clean_cache' from command line to 'False'
[0.235s] Level 5:colcon.colcon_core.verb:set package 'dorm_lighting' build argument 'cmake_clean_first' from command line to 'False'
[0.235s] Level 5:colcon.colcon_core.verb:set package 'dorm_lighting' build argument 'cmake_force_configure' from command line to 'False'
[0.235s] Level 5:colcon.colcon_core.verb:set package 'dorm_lighting' build argument 'ament_cmake_args' from command line to 'None'
[0.235s] Level 5:colcon.colcon_core.verb:set package 'dorm_lighting' build argument 'catkin_cmake_args' from command line to 'None'
[0.235s] Level 5:colcon.colcon_core.verb:set package 'dorm_lighting' build argument 'catkin_skip_building_tests' from command line to 'False'
[0.235s] DEBUG:colcon.colcon_core.verb:Building package 'dorm_lighting' with the following arguments: {'ament_cmake_args': None, 'build_base': '/home/elvis/projects/smart_home_take_home_assignment/build/dorm_lighting', 'catkin_cmake_args': None, 'catkin_skip_building_tests': False, 'cmake_args': None, 'cmake_clean_cache': False, 'cmake_clean_first': False, 'cmake_force_configure': False, 'cmake_target': None, 'cmake_target_skip_unavailable': False, 'install_base': '/home/elvis/projects/smart_home_take_home_assignment/install/dorm_lighting', 'merge_install': False, 'path': '/home/elvis/projects/smart_home_take_home_assignment/src/dorm_lighting', 'symlink_install': False, 'test_result_base': None}
[0.235s] INFO:colcon.colcon_core.executor:Executing jobs using 'parallel' executor
[0.236s] DEBUG:colcon.colcon_parallel_executor.executor.parallel:run_until_complete
[0.236s] INFO:colcon.colcon_ros.task.ament_python.build:Building ROS package in '/home/elvis/projects/smart_home_take_home_assignment/src/dorm_lighting' with build type 'ament_python'
[0.236s] Level 1:colcon.colcon_core.shell:create_environment_hook('dorm_lighting', 'ament_prefix_path')
[0.238s] INFO:colcon.colcon_core.plugin_system:Skipping extension 'colcon_core.shell.bat': Not used on non-Windows systems
[0.238s] INFO:colcon.colcon_core.shell:Creating environment hook '/home/elvis/projects/smart_home_take_home_assignment/install/dorm_lighting/share/dorm_lighting/hook/ament_prefix_path.ps1'
[0.238s] INFO:colcon.colcon_core.shell:Creating environment descriptor '/home/elvis/projects/smart_home_take_home_assignment/install/dorm_lighting/share/dorm_lighting/hook/ament_prefix_path.dsv'
[0.238s] INFO:colcon.colcon_core.shell:Creating environment hook '/home/elvis/projects/smart_home_take_home_assignment/install/dorm_lighting/share/dorm_lighting/hook/ament_prefix_path.sh'
[0.239s] INFO:colcon.colcon_core.shell:Skip shell extension 'powershell' for command environment: Not usable outside of PowerShell
[0.239s] DEBUG:colcon.colcon_core.shell:Skip shell extension 'dsv' for command environment
[0.352s] INFO:colcon.colcon_core.task.python.build:Building Python package in '/home/elvis/projects/smart_home_take_home_assignment/src/dorm_lighting'
[0.352s] INFO:colcon.colcon_core.shell:Skip shell extension 'powershell' for command environment: Not usable outside of PowerShell
[0.352s] DEBUG:colcon.colcon_core.shell:Skip shell extension 'dsv' for command environment
[0.515s] DEBUG:colcon.colcon_core.event_handler.log_command:Invoking command in '/home/elvis/projects/smart_home_take_home_assignment/src/dorm_lighting': PYTHONPATH=/home/elvis/projects/smart_home_take_home_assignment/build/dorm_lighting/prefix_override:/usr/lib/python3/dist-packages/colcon_core/task/python/colcon_distutils_commands:/home/elvis/projects/smart_home_take_home_assignment/install/dorm_lighting/lib/python3.10/site-packages:${PYTHONPATH} /usr/bin/python3 -W ignore:setup.py install is deprecated -W ignore:easy_install command is deprecated setup.py egg_info --egg-base ../../build/dorm_lighting build --build-base /home/elvis/projects/smart_home_take_home_assignment/build/dorm_lighting/build install --record /home/elvis/projects/smart_home_take_home_assignment/build/dorm_lighting/install.log --single-version-externally-managed install_data
[0.634s] DEBUG:colcon.colcon_core.event_handler.log_command:Invoked command in '/home/elvis/projects/smart_home_take_home_assignment/src/dorm_lighting' returned '0': PYTHONPATH=/home/elvis/projects/smart_home_take_home_assignment/build/dorm_lighting/prefix_override:/usr/lib/python3/dist-packages/colcon_core/task/python/colcon_distutils_commands:/home/elvis/projects/smart_home_take_home_assignment/install/dorm_lighting/lib/python3.10/site-packages:${PYTHONPATH} /usr/bin/python3 -W ignore:setup.py install is deprecated -W ignore:easy_install command is deprecated setup.py egg_info --egg-base ../../build/dorm_lighting build --build-base /home/elvis/projects/smart_home_take_home_assignment/build/dorm_lighting/build install --record /home/elvis/projects/smart_home_take_home_assignment/build/dorm_lighting/install.log --single-version-externally-managed install_data
[0.635s] Level 1:colcon.colcon_core.environment:checking '/home/elvis/projects/smart_home_take_home_assignment/install/dorm_lighting' for CMake module files
[0.636s] Level 1:colcon.colcon_core.environment:checking '/home/elvis/projects/smart_home_take_home_assignment/install/dorm_lighting' for CMake config files
[0.636s] Level 1:colcon.colcon_core.environment:checking '/home/elvis/projects/smart_home_take_home_assignment/install/dorm_lighting/lib'
[0.636s] Level 1:colcon.colcon_core.environment:checking '/home/elvis/projects/smart_home_take_home_assignment/install/dorm_lighting/bin'
[0.636s] Level 1:colcon.colcon_core.environment:checking '/home/elvis/projects/smart_home_take_home_assignment/install/dorm_lighting/lib/pkgconfig/dorm_lighting.pc'
[0.637s] Level 1:colcon.colcon_core.environment:checking '/home/elvis/projects/smart_home_take_home_assignment/install/dorm_lighting/lib/python3.10/site-packages'
[0.637s] Level 1:colcon.colcon_core.shell:create_environment_hook('dorm_lighting', 'pythonpath')
[0.637s] INFO:colcon.colcon_core.shell:Creating environment hook '/home/elvis/projects/smart_home_take_home_assignment/install/dorm_lighting/share/dorm_lighting/hook/pythonpath.ps1'
[0.637s] INFO:colcon.colcon_core.shell:Creating environment descriptor '/home/elvis/projects/smart_home_take_home_assignment/install/dorm_lighting/share/dorm_lighting/hook/pythonpath.dsv'
[0.637s] INFO:colcon.colcon_core.shell:Creating environment hook '/home/elvis/projects/smart_home_take_home_assignment/install/dorm_lighting/share/dorm_lighting/hook/pythonpath.sh'
[0.638s] Level 1:colcon.colcon_core.environment:checking '/home/elvis/projects/smart_home_take_home_assignment/install/dorm_lighting/bin'
[0.638s] Level 1:colcon.colcon_core.environment:create_environment_scripts_only(dorm_lighting)
[0.638s] INFO:colcon.colcon_core.shell:Creating package script '/home/elvis/projects/smart_home_take_home_assignment/install/dorm_lighting/share/dorm_lighting/package.ps1'
[0.639s] INFO:colcon.colcon_core.shell:Creating package descriptor '/home/elvis/projects/smart_home_take_home_assignment/install/dorm_lighting/share/dorm_lighting/package.dsv'
[0.639s] INFO:colcon.colcon_core.shell:Creating package script '/home/elvis/projects/smart_home_take_home_assignment/install/dorm_lighting/share/dorm_lighting/package.sh'
[0.640s] INFO:colcon.colcon_core.shell:Creating package script '/home/elvis/projects/smart_home_take_home_assignment/install/dorm_lighting/share/dorm_lighting/package.bash'
[0.640s] INFO:colcon.colcon_core.shell:Creating package script '/home/elvis/projects/smart_home_take_home_assignment/install/dorm_lighting/share/dorm_lighting/package.zsh'
[0.640s] Level 1:colcon.colcon_core.environment:create_file_with_runtime_dependencies(/home/elvis/projects/smart_home_take_home_assignment/install/dorm_lighting/share/colcon-core/packages/dorm_lighting)
[0.641s] DEBUG:colcon.colcon_parallel_executor.executor.parallel:closing loop
[0.641s] DEBUG:colcon.colcon_parallel_executor.executor.parallel:loop closed
[0.642s] DEBUG:colcon.colcon_parallel_executor.executor.parallel:run_until_complete finished with '0'
[0.642s] DEBUG:colcon.colcon_core.event_reactor:joining thread
[0.698s] INFO:colcon.colcon_core.plugin_system:Skipping extension 'colcon_notification.desktop_notification.notify_send': Could not find 'notify-send'
[0.698s] INFO:colcon.colcon_core.plugin_system:Skipping extension 'colcon_notification.desktop_notification.terminal_notifier': Not used on non-Darwin systems
[0.698s] INFO:colcon.colcon_core.plugin_system:Skipping extension 'colcon_notification.desktop_notification.win32': Not used on non-Windows systems
[0.698s] INFO:colcon.colcon_notification.desktop_notification:Sending desktop notification using 'notify2'
[0.698s] DEBUG:colcon.colcon_notification.desktop_notification.notify2:Failed to initialize notify2: org.freedesktop.DBus.Error.FileNotFound: Failed to connect to socket /run/user/1000/bus: No such file or directory
[0.699s] DEBUG:colcon.colcon_core.event_reactor:joined thread
[0.699s] INFO:colcon.colcon_core.shell:Creating prefix script '/home/elvis/projects/smart_home_take_home_assignment/install/local_setup.ps1'
[0.699s] INFO:colcon.colcon_core.shell:Creating prefix util module '/home/elvis/projects/smart_home_take_home_assignment/install/_local_setup_util_ps1.py'
[0.700s] INFO:colcon.colcon_core.shell:Creating prefix chain script '/home/elvis/projects/smart_home_take_home_assignment/install/setup.ps1'
[0.701s] INFO:colcon.colcon_core.shell:Creating prefix script '/home/elvis/projects/smart_home_take_home_assignment/install/local_setup.sh'
[0.702s] INFO:colcon.colcon_core.shell:Creating prefix util module '/home/elvis/projects/smart_home_take_home_assignment/install/_local_setup_util_sh.py'
[0.702s] INFO:colcon.colcon_core.shell:Creating prefix chain script '/home/elvis/projects/smart_home_take_home_assignment/install/setup.sh'
[0.703s] INFO:colcon.colcon_core.shell:Creating prefix script '/home/elvis/projects/smart_home_take_home_assignment/install/local_setup.bash'
[0.703s] INFO:colcon.colcon_core.shell:Creating prefix chain script '/home/elvis/projects/smart_home_take_home_assignment/install/setup.bash'
[0.704s] INFO:colcon.colcon_core.shell:Creating prefix script '/home/elvis/projects/smart_home_take_home_assignment/install/local_setup.zsh'
[0.704s] INFO:colcon.colcon_core.shell:Creating prefix chain script '/home/elvis/projects/smart_home_take_home_assignment/install/setup.zsh'
