[0.290s] Invoking command in '/home/elvis/projects/smart_home_take_home_assignment/src/dorm_lighting': PYTHONPATH=/home/elvis/projects/smart_home_take_home_assignment/build/dorm_lighting/prefix_override:/usr/lib/python3/dist-packages/colcon_core/task/python/colcon_distutils_commands:/home/elvis/projects/smart_home_take_home_assignment/install/dorm_lighting/lib/python3.10/site-packages:${PYTHONPATH} /usr/bin/python3 -W ignore:setup.py install is deprecated -W ignore:easy_install command is deprecated setup.py egg_info --egg-base ../../build/dorm_lighting build --build-base /home/elvis/projects/smart_home_take_home_assignment/build/dorm_lighting/build install --record /home/elvis/projects/smart_home_take_home_assignment/build/dorm_lighting/install.log --single-version-externally-managed install_data
[0.381s] running egg_info
[0.382s] writing ../../build/dorm_lighting/dorm_lighting.egg-info/PKG-INFO
[0.382s] writing dependency_links to ../../build/dorm_lighting/dorm_lighting.egg-info/dependency_links.txt
[0.382s] writing entry points to ../../build/dorm_lighting/dorm_lighting.egg-info/entry_points.txt
[0.382s] writing requirements to ../../build/dorm_lighting/dorm_lighting.egg-info/requires.txt
[0.382s] writing top-level names to ../../build/dorm_lighting/dorm_lighting.egg-info/top_level.txt
[0.383s] reading manifest file '../../build/dorm_lighting/dorm_lighting.egg-info/SOURCES.txt'
[0.383s] adding license file 'LICENSE'
[0.384s] writing manifest file '../../build/dorm_lighting/dorm_lighting.egg-info/SOURCES.txt'
[0.384s] running build
[0.384s] running build_py
[0.384s] running install
[0.384s] running install_lib
[0.385s] running install_data
[0.385s] running install_egg_info
[0.386s] removing '/home/elvis/projects/smart_home_take_home_assignment/install/dorm_lighting/lib/python3.10/site-packages/dorm_lighting-0.0.0-py3.10.egg-info' (and everything under it)
[0.387s] Copying ../../build/dorm_lighting/dorm_lighting.egg-info to /home/elvis/projects/smart_home_take_home_assignment/install/dorm_lighting/lib/python3.10/site-packages/dorm_lighting-0.0.0-py3.10.egg-info
[0.387s] running install_scripts
[0.399s] Installing light_controller script to /home/elvis/projects/smart_home_take_home_assignment/install/dorm_lighting/lib/dorm_lighting
[0.399s] writing list of installed files to '/home/elvis/projects/smart_home_take_home_assignment/build/dorm_lighting/install.log'
[0.412s] Invoked command in '/home/elvis/projects/smart_home_take_home_assignment/src/dorm_lighting' returned '0': PYTHONPATH=/home/elvis/projects/smart_home_take_home_assignment/build/dorm_lighting/prefix_override:/usr/lib/python3/dist-packages/colcon_core/task/python/colcon_distutils_commands:/home/elvis/projects/smart_home_take_home_assignment/install/dorm_lighting/lib/python3.10/site-packages:${PYTHONPATH} /usr/bin/python3 -W ignore:setup.py install is deprecated -W ignore:easy_install command is deprecated setup.py egg_info --egg-base ../../build/dorm_lighting build --build-base /home/elvis/projects/smart_home_take_home_assignment/build/dorm_lighting/build install --record /home/elvis/projects/smart_home_take_home_assignment/build/dorm_lighting/install.log --single-version-externally-managed install_data
