running egg_info
creating ../../build/dorm_lighting/dorm_lighting.egg-info
writing ../../build/dorm_lighting/dorm_lighting.egg-info/PKG-INFO
writing dependency_links to ../../build/dorm_lighting/dorm_lighting.egg-info/dependency_links.txt
writing entry points to ../../build/dorm_lighting/dorm_lighting.egg-info/entry_points.txt
writing requirements to ../../build/dorm_lighting/dorm_lighting.egg-info/requires.txt
writing top-level names to ../../build/dorm_lighting/dorm_lighting.egg-info/top_level.txt
writing manifest file '../../build/dorm_lighting/dorm_lighting.egg-info/SOURCES.txt'
reading manifest file '../../build/dorm_lighting/dorm_lighting.egg-info/SOURCES.txt'
adding license file 'LICENSE'
writing manifest file '../../build/dorm_lighting/dorm_lighting.egg-info/SOURCES.txt'
running build
running build_py
creating /home/elvis/projects/smart_home_take_home_assignment/build/dorm_lighting/build
creating /home/elvis/projects/smart_home_take_home_assignment/build/dorm_lighting/build/lib
creating /home/elvis/projects/smart_home_take_home_assignment/build/dorm_lighting/build/lib/dorm_lighting
copying dorm_lighting/__init__.py -> /home/elvis/projects/smart_home_take_home_assignment/build/dorm_lighting/build/lib/dorm_lighting
running install
running install_lib
creating /home/elvis/projects/smart_home_take_home_assignment/install/dorm_lighting/lib/python3.10/site-packages/dorm_lighting
copying /home/elvis/projects/smart_home_take_home_assignment/build/dorm_lighting/build/lib/dorm_lighting/__init__.py -> /home/elvis/projects/smart_home_take_home_assignment/install/dorm_lighting/lib/python3.10/site-packages/dorm_lighting
byte-compiling /home/elvis/projects/smart_home_take_home_assignment/install/dorm_lighting/lib/python3.10/site-packages/dorm_lighting/__init__.py to __init__.cpython-310.pyc
running install_data
creating /home/elvis/projects/smart_home_take_home_assignment/install/dorm_lighting/share/ament_index
creating /home/elvis/projects/smart_home_take_home_assignment/install/dorm_lighting/share/ament_index/resource_index
creating /home/elvis/projects/smart_home_take_home_assignment/install/dorm_lighting/share/ament_index/resource_index/packages
copying resource/dorm_lighting -> /home/elvis/projects/smart_home_take_home_assignment/install/dorm_lighting/share/ament_index/resource_index/packages
copying package.xml -> /home/elvis/projects/smart_home_take_home_assignment/install/dorm_lighting/share/dorm_lighting
running install_egg_info
Copying ../../build/dorm_lighting/dorm_lighting.egg-info to /home/elvis/projects/smart_home_take_home_assignment/install/dorm_lighting/lib/python3.10/site-packages/dorm_lighting-0.0.0-py3.10.egg-info
running install_scripts
writing list of installed files to '/home/elvis/projects/smart_home_take_home_assignment/build/dorm_lighting/install.log'
