[0.429s] Invoking command in '/home/elvis/projects/smart_home_take_home_assignment/src/dorm_lighting': PYTHONPATH=/home/elvis/projects/smart_home_take_home_assignment/build/dorm_lighting/prefix_override:/usr/lib/python3/dist-packages/colcon_core/task/python/colcon_distutils_commands:/home/elvis/projects/smart_home_take_home_assignment/install/dorm_lighting/lib/python3.10/site-packages:${PYTHONPATH} /usr/bin/python3 -W ignore:setup.py install is deprecated -W ignore:easy_install command is deprecated setup.py egg_info --egg-base ../../build/dorm_lighting build --build-base /home/elvis/projects/smart_home_take_home_assignment/build/dorm_lighting/build install --record /home/elvis/projects/smart_home_take_home_assignment/build/dorm_lighting/install.log --single-version-externally-managed install_data
[0.534s] running egg_info
[0.534s] creating ../../build/dorm_lighting/dorm_lighting.egg-info
[0.535s] writing ../../build/dorm_lighting/dorm_lighting.egg-info/PKG-INFO
[0.535s] writing dependency_links to ../../build/dorm_lighting/dorm_lighting.egg-info/dependency_links.txt
[0.535s] writing entry points to ../../build/dorm_lighting/dorm_lighting.egg-info/entry_points.txt
[0.535s] writing requirements to ../../build/dorm_lighting/dorm_lighting.egg-info/requires.txt
[0.535s] writing top-level names to ../../build/dorm_lighting/dorm_lighting.egg-info/top_level.txt
[0.535s] writing manifest file '../../build/dorm_lighting/dorm_lighting.egg-info/SOURCES.txt'
[0.536s] reading manifest file '../../build/dorm_lighting/dorm_lighting.egg-info/SOURCES.txt'
[0.536s] adding license file 'LICENSE'
[0.536s] writing manifest file '../../build/dorm_lighting/dorm_lighting.egg-info/SOURCES.txt'
[0.536s] running build
[0.536s] running build_py
[0.537s] creating /home/elvis/projects/smart_home_take_home_assignment/build/dorm_lighting/build
[0.537s] creating /home/elvis/projects/smart_home_take_home_assignment/build/dorm_lighting/build/lib
[0.537s] creating /home/elvis/projects/smart_home_take_home_assignment/build/dorm_lighting/build/lib/dorm_lighting
[0.537s] copying dorm_lighting/__init__.py -> /home/elvis/projects/smart_home_take_home_assignment/build/dorm_lighting/build/lib/dorm_lighting
[0.537s] running install
[0.537s] running install_lib
[0.538s] creating /home/elvis/projects/smart_home_take_home_assignment/install/dorm_lighting/lib/python3.10/site-packages/dorm_lighting
[0.538s] copying /home/elvis/projects/smart_home_take_home_assignment/build/dorm_lighting/build/lib/dorm_lighting/__init__.py -> /home/elvis/projects/smart_home_take_home_assignment/install/dorm_lighting/lib/python3.10/site-packages/dorm_lighting
[0.538s] byte-compiling /home/elvis/projects/smart_home_take_home_assignment/install/dorm_lighting/lib/python3.10/site-packages/dorm_lighting/__init__.py to __init__.cpython-310.pyc
[0.539s] running install_data
[0.539s] creating /home/elvis/projects/smart_home_take_home_assignment/install/dorm_lighting/share/ament_index
[0.539s] creating /home/elvis/projects/smart_home_take_home_assignment/install/dorm_lighting/share/ament_index/resource_index
[0.539s] creating /home/elvis/projects/smart_home_take_home_assignment/install/dorm_lighting/share/ament_index/resource_index/packages
[0.539s] copying resource/dorm_lighting -> /home/elvis/projects/smart_home_take_home_assignment/install/dorm_lighting/share/ament_index/resource_index/packages
[0.539s] copying package.xml -> /home/elvis/projects/smart_home_take_home_assignment/install/dorm_lighting/share/dorm_lighting
[0.539s] running install_egg_info
[0.541s] Copying ../../build/dorm_lighting/dorm_lighting.egg-info to /home/elvis/projects/smart_home_take_home_assignment/install/dorm_lighting/lib/python3.10/site-packages/dorm_lighting-0.0.0-py3.10.egg-info
[0.542s] running install_scripts
[0.554s] writing list of installed files to '/home/elvis/projects/smart_home_take_home_assignment/build/dorm_lighting/install.log'
[0.566s] Invoked command in '/home/elvis/projects/smart_home_take_home_assignment/src/dorm_lighting' returned '0': PYTHONPATH=/home/elvis/projects/smart_home_take_home_assignment/build/dorm_lighting/prefix_override:/usr/lib/python3/dist-packages/colcon_core/task/python/colcon_distutils_commands:/home/elvis/projects/smart_home_take_home_assignment/install/dorm_lighting/lib/python3.10/site-packages:${PYTHONPATH} /usr/bin/python3 -W ignore:setup.py install is deprecated -W ignore:easy_install command is deprecated setup.py egg_info --egg-base ../../build/dorm_lighting build --build-base /home/elvis/projects/smart_home_take_home_assignment/build/dorm_lighting/build install --record /home/elvis/projects/smart_home_take_home_assignment/build/dorm_lighting/install.log --single-version-externally-managed install_data
